<?xml version="1.0" encoding="UTF-8"?>
<!-- Generated by org.testng.reporters.JUnitXMLReporter -->
<testsuite ignored="4" hostname="Harika" failures="1" tests="3" name="Test" time="60.522" errors="0" timestamp="2022-11-11T10:43:02 CST">
  <testcase classname="com.Amazon.Tests.SearchResultPageTest" name="verifyopenitem" time="10.425"/>
  <testcase classname="com.Amazon.Tests.IndexPageTest" name="verifysearchitem" time="3.71"/>
  <testcase classname="com.Amazon.Tests.AddToCartPageTest" name="VerifyAddItemToCart" time="12.955">
    <failure type="org.openqa.selenium.NoSuchElementException" message="Cannot locate option with text:  M 
For documentation on this error, please visit: https://selenium.dev/exceptions/#no_such_element
Build info: version: &amp;apos;4.4.0&amp;apos;, revision: &amp;apos;e5c75ed026a&amp;apos;
System info: host: &amp;apos;HARIKA&amp;apos;, ip: &amp;apos;172.30.3.162&amp;apos;, os.name: &amp;apos;Windows 11&amp;apos;, os.arch: &amp;apos;amd64&amp;apos;, os.version: &amp;apos;10.0&amp;apos;, java.version: &amp;apos;17.0.3.1&amp;apos;
Driver info: driver.version: unknown">
      <![CDATA[org.openqa.selenium.NoSuchElementException: Cannot locate option with text:  M 
For documentation on this error, please visit: https://selenium.dev/exceptions/#no_such_element
Build info: version: '4.4.0', revision: 'e5c75ed026a'
System info: host: 'HARIKA', ip: '172.30.3.162', os.name: 'Windows 11', os.arch: 'amd64', os.version: '10.0', java.version: '17.0.3.1'
Driver info: driver.version: unknown
at org.openqa.selenium.support.ui.Select.selectByVisibleText(Select.java:151)
at com.Amazon.PageObjects.AddToCartPage.selectsize(AddToCartPage.java:47)
at com.Amazon.Tests.AddToCartPageTest.VerifyAddItemToCart(AddToCartPageTest.java:42)
at java.base/java.util.ArrayList.forEach(ArrayList.java:1511)
... Removed 27 stack frames]]>
    </failure>
  </testcase> <!-- VerifyAddItemToCart -->
  <testcase classname="com.Amazon.Base.BaseClass" name="@BeforeSuite loadconfig" time="0.0">
    <ignored/>
  </testcase> <!-- @BeforeSuite loadconfig -->
  <testcase classname="com.Amazon.Base.BaseClass" name="@AfterSuite afterSuite" time="0.0">
    <ignored/>
  </testcase> <!-- @AfterSuite afterSuite -->
  <testcase classname="com.Amazon.Base.BaseClass" name="@AfterSuite afterSuite" time="0.0">
    <ignored/>
  </testcase> <!-- @AfterSuite afterSuite -->
  <testcase classname="com.Amazon.Base.BaseClass" name="@BeforeSuite loadconfig" time="0.0">
    <ignored/>
  </testcase> <!-- @BeforeSuite loadconfig -->
</testsuite> <!-- Test -->
